<?xml version="1.0" encoding="UTF-8"?>
<!-- Generated by org.testng.reporters.JUnitXMLReporter -->
<testsuite hostname="QueenOfTheHouse" ignored="4" name="SeleniumPractice" tests="21" failures="3" timestamp="25 Apr 2023 17:23:16 GMT" time="0.102" errors="0">
  <testcase name="myFirstTest" time="0.018" classname="LearnTestNg.BasicTestNg">
    <failure type="java.lang.NullPointerException">
      <![CDATA[java.lang.NullPointerException
at java.util.Objects.requireNonNull(Unknown Source)
at org.openqa.selenium.support.ui.FluentWait.<init>(FluentWait.java:106)
at org.openqa.selenium.support.ui.WebDriverWait.<init>(WebDriverWait.java:85)
at org.openqa.selenium.support.ui.WebDriverWait.<init>(WebDriverWait.java:45)
at LearnTestNg.BasicTestNg.myFirstTest(BasicTestNg.java:40)
... Removed 25 stack frames]]>
    </failure>
  </testcase> <!-- myFirstTest -->
  <testcase name="mySecondTest" time="0.001" classname="LearnTestNg.BasicTestNg">
    <failure type="java.lang.NullPointerException">
      <![CDATA[java.lang.NullPointerException
at java.util.Objects.requireNonNull(Unknown Source)
at org.openqa.selenium.support.ui.FluentWait.<init>(FluentWait.java:106)
at org.openqa.selenium.support.ui.WebDriverWait.<init>(WebDriverWait.java:85)
at org.openqa.selenium.support.ui.WebDriverWait.<init>(WebDriverWait.java:45)
at LearnTestNg.BasicTestNg.mySecondTest(BasicTestNg.java:58)
... Removed 25 stack frames]]>
    </failure>
  </testcase> <!-- mySecondTest -->
  <testcase name="myForthTest" time="0.002" classname="LearnTestNg.BasicTestNgTestClass2"/>
  <testcase name="myThirdTest" time="0.001" classname="LearnTestNg.BasicTestNgTestClass2"/>
  <testcase name="myEigthTest" time="0.0" classname="LearnTestNg.BasicTestNgTestClass3"/>
  <testcase name="myFifthTest" time="0.0" classname="LearnTestNg.BasicTestNgTestClass3"/>
  <testcase name="mySeventhest" time="0.002" classname="LearnTestNg.BasicTestNgTestClass3"/>
  <testcase name="mySixthTest" time="0.002" classname="LearnTestNg.BasicTestNgTestClass3"/>
  <testcase name="OpenBrowser" time="0.002" classname="LearnTestNg.Dependent"/>
  <testcase name="SignIn" time="0.004" classname="LearnTestNg.Dependent">
    <failure type="java.lang.AssertionError" message="Login unsuccessfull expected [true] but found [false]">
      <![CDATA[java.lang.AssertionError: Login unsuccessfull expected [true] but found [false]
at LearnTestNg.Dependent.SignIn(Dependent.java:17)
... Removed 28 stack frames]]>
    </failure>
  </testcase> <!-- SignIn -->
  <testcase name="AdminFeature" time="0.0" classname="LearnTestNg.Dependent">
    <skipped/>
  </testcase> <!-- AdminFeature -->
  <testcase name="PIMFeature" time="0.0" classname="LearnTestNg.Dependent">
    <skipped/>
  </testcase> <!-- PIMFeature -->
  <testcase name="AddEmployee" time="0.002" classname="LearnTestNg.PIM"/>
  <testcase name="emplIDwithInValidName" time="0.001" classname="LearnTestNg.PIM"/>
  <testcase name="emplIDwithValidName" time="0.002" classname="LearnTestNg.PIM"/>
  <testcase name="emplNamewithInValidName" time="0.001" classname="LearnTestNg.PIM"/>
  <testcase name="emplNamewithValidName" time="0.001" classname="LearnTestNg.PIM"/>
  <testcase name="OpenBrowser" time="0.001" classname="LearnTestNg.TestPrioirty"/>
  <testcase name="SignIn" time="0.002" classname="LearnTestNg.TestPrioirty"/>
  <testcase name="AdminFeature" time="0.001" classname="LearnTestNg.TestPrioirty"/>
  <testcase name="PIMFeature" time="0.001" classname="LearnTestNg.TestPrioirty"/>
  <testcase name="@AfterSuite myAfterSuite" time="0.0" classname="Automation.TrainingMain.BaseClass">
    <ignored/>
  </testcase> <!-- @AfterSuite myAfterSuite -->
  <testcase name="@BeforeTest myBeforeTestAnnotation" time="0.0" classname="Automation.TrainingMain.BaseClass">
    <ignored/>
  </testcase> <!-- @BeforeTest myBeforeTestAnnotation -->
  <testcase name="@BeforeSuite myBeforeSuite" time="0.0" classname="Automation.TrainingMain.BaseClass">
    <ignored/>
  </testcase> <!-- @BeforeSuite myBeforeSuite -->
  <testcase name="@AfterTest myAfterTestAnnotation" time="0.0" classname="Automation.TrainingMain.BaseClass">
    <ignored/>
  </testcase> <!-- @AfterTest myAfterTestAnnotation -->
</testsuite> <!-- SeleniumPractice -->
