<?xml version="1.0" encoding="UTF-8"?>
<testng-results skipped="0" failed="0" ignored="0" total="1" passed="1">
  <reporter-output>
  </reporter-output>
  <suite name="Default suite" duration-ms="52" started-at="2023-05-09T17:10:33Z" finished-at="2023-05-09T17:10:33Z">
    <groups>
    </groups>
    <test name="Default test" duration-ms="52" started-at="2023-05-09T17:10:33Z" finished-at="2023-05-09T17:10:33Z">
      <class name="orangeHRMProject.loginTest">
        <test-method status="PASS" signature="myLoginTest()[pri:0, instance:orangeHRMProject.loginTest@3bfdc050]" name="myLoginTest" duration-ms="15" started-at="2023-05-09T17:10:33Z" finished-at="2023-05-09T17:10:33Z">
          <reporter-output>
          </reporter-output>
        </test-method> <!-- myLoginTest -->
      </class> <!-- orangeHRMProject.loginTest -->
    </test> <!-- Default test -->
  </suite> <!-- Default suite -->
</testng-results>
